2025-05-16 02:39:30,981 - INFO - 🚀 Starting legal case scraper for query: 'cases on rape and murder'
2025-05-16 02:39:30,982 - INFO - Using Hugging Face model: https://api-inference.huggingface.co/models/facebook/bart-large-cnn
2025-05-16 02:39:34,239 - INFO - ✅ Hugging Face API connection successful
2025-05-16 02:39:34,240 - INFO - 🔍 Searching page 1: https://indiankanoon.org/search/?formInput=cases+on+rape+and+murder&pagenum=1
2025-05-16 02:39:34,791 - INFO - ✅ Got page content (length: 39396 bytes)
2025-05-16 02:39:34,810 - INFO - ✅ Found results with selector: div.result_title > a
2025-05-16 02:39:34,811 - INFO - Using regex fallback to find links
2025-05-16 02:39:34,812 - INFO - ✅ Found 10 cases on page 1
2025-05-16 02:39:34,812 - INFO - Waiting 3.8 seconds before next page...
2025-05-16 02:39:38,594 - INFO - 🔍 Searching page 2: https://indiankanoon.org/search/?formInput=cases+on+rape+and+murder&pagenum=2
2025-05-16 02:39:39,111 - INFO - ✅ Got page content (length: 39412 bytes)
2025-05-16 02:39:39,134 - INFO - ✅ Found results with selector: div.result_title > a
2025-05-16 02:39:39,135 - INFO - Using regex fallback to find links
2025-05-16 02:39:39,136 - INFO - ✅ Found 10 cases on page 2
2025-05-16 02:39:39,136 - INFO - ✅ Found 20 cases. Getting details...
2025-05-16 02:39:39,143 - INFO - Processing case 1/20: Full Document
2025-05-16 02:39:39,143 - INFO - 📄 Getting case: https://indiankanoon.org/doc/181505792/
2025-05-16 02:39:43,353 - INFO - ✅ Successfully processed case 1
2025-05-16 02:39:45,592 - INFO - Processing case 2/20: Full Document
2025-05-16 02:39:45,594 - INFO - 📄 Getting case: https://indiankanoon.org/doc/6888559/
2025-05-16 02:39:46,001 - INFO - Long text detected (44353 chars), processing in sections
2025-05-16 02:39:51,088 - INFO - ✅ Successfully processed case 2
2025-05-16 02:39:54,042 - INFO - Processing case 3/20: Full Document
2025-05-16 02:39:54,042 - INFO - 📄 Getting case: https://indiankanoon.org/doc/154462684/
2025-05-16 02:39:54,797 - INFO - Long text detected (43691 chars), processing in sections
2025-05-16 02:40:00,913 - INFO - ✅ Successfully processed case 3
2025-05-16 02:40:03,464 - INFO - Processing case 4/20: Full Document
2025-05-16 02:40:03,464 - INFO - 📄 Getting case: https://indiankanoon.org/doc/142729398/
2025-05-16 02:40:07,045 - INFO - ✅ Successfully processed case 4
2025-05-16 02:40:10,118 - INFO - Processing case 5/20: Full Document
2025-05-16 02:40:10,120 - INFO - 📄 Getting case: https://indiankanoon.org/doc/183243647/
2025-05-16 02:40:12,725 - INFO - ✅ Successfully processed case 5
2025-05-16 02:40:16,113 - INFO - Processing case 6/20: Full Document
2025-05-16 02:40:16,115 - INFO - 📄 Getting case: https://indiankanoon.org/doc/106020940/
2025-05-16 02:40:16,573 - INFO - Long text detected (49969 chars), processing in sections
2025-05-16 02:40:22,512 - INFO - ✅ Successfully processed case 6
2025-05-16 02:40:22,613 - ERROR - ❌ Error processing case 6: Cannot save file into a non-existent directory: 'temp_data'
2025-05-16 02:40:24,964 - INFO - Processing case 7/20: Full Document
2025-05-16 02:40:24,970 - INFO - 📄 Getting case: https://indiankanoon.org/doc/166419904/
2025-05-16 02:40:29,393 - INFO - ✅ Successfully processed case 7
2025-05-16 02:40:33,262 - INFO - Processing case 8/20: Full Document
2025-05-16 02:40:33,264 - INFO - 📄 Getting case: https://indiankanoon.org/doc/121854362/
2025-05-16 02:40:33,594 - INFO - Long text detected (41854 chars), processing in sections
2025-05-16 02:40:39,328 - INFO - ✅ Successfully processed case 8
2025-05-16 02:40:41,667 - INFO - Processing case 9/20: Full Document
2025-05-16 02:40:41,669 - INFO - 📄 Getting case: https://indiankanoon.org/doc/72673160/
2025-05-16 02:40:42,022 - INFO - Long text detected (47234 chars), processing in sections
2025-05-16 02:40:48,426 - INFO - ✅ Successfully processed case 9
2025-05-16 02:40:51,197 - INFO - Processing case 10/20: Full Document
2025-05-16 02:40:51,198 - INFO - 📄 Getting case: https://indiankanoon.org/doc/140213573/
2025-05-16 02:40:51,566 - INFO - Long text detected (42575 chars), processing in sections
2025-05-16 02:40:59,537 - INFO - ✅ Successfully processed case 10
2025-05-16 02:41:02,169 - INFO - Processing case 11/20: Full Document
2025-05-16 02:41:02,172 - INFO - 📄 Getting case: https://indiankanoon.org/doc/24660684/
2025-05-16 02:41:02,670 - INFO - Long text detected (97311 chars), processing in sections
2025-05-16 02:41:08,668 - INFO - ✅ Successfully processed case 11
2025-05-16 02:41:08,672 - ERROR - ❌ Error processing case 11: Cannot save file into a non-existent directory: 'temp_data'
2025-05-16 02:41:11,557 - INFO - Processing case 12/20: Full Document
2025-05-16 02:41:11,559 - INFO - 📄 Getting case: https://indiankanoon.org/doc/195539405/
2025-05-16 02:41:11,940 - INFO - Long text detected (56071 chars), processing in sections
2025-05-16 02:41:17,531 - INFO - ✅ Successfully processed case 12
2025-05-16 02:41:19,833 - INFO - Processing case 13/20: Full Document
2025-05-16 02:41:19,835 - INFO - 📄 Getting case: https://indiankanoon.org/doc/178439365/
2025-05-16 02:41:20,235 - INFO - Long text detected (44668 chars), processing in sections
2025-05-16 02:41:25,734 - INFO - ✅ Successfully processed case 13
2025-05-16 02:41:28,355 - INFO - Processing case 14/20: Full Document
2025-05-16 02:41:28,356 - INFO - 📄 Getting case: https://indiankanoon.org/doc/3972922/
2025-05-16 02:41:31,487 - INFO - ✅ Successfully processed case 14
2025-05-16 02:41:34,634 - INFO - Processing case 15/20: Full Document
2025-05-16 02:41:34,635 - INFO - 📄 Getting case: https://indiankanoon.org/doc/106606871/
2025-05-16 02:41:37,891 - INFO - ✅ Successfully processed case 15
2025-05-16 02:41:41,258 - INFO - Processing case 16/20: Full Document
2025-05-16 02:41:41,260 - INFO - 📄 Getting case: https://indiankanoon.org/doc/147700443/
2025-05-16 02:41:45,521 - INFO - ✅ Successfully processed case 16
2025-05-16 02:41:45,525 - ERROR - ❌ Error processing case 16: Cannot save file into a non-existent directory: 'temp_data'
2025-05-16 02:41:49,236 - INFO - Processing case 17/20: Full Document
2025-05-16 02:41:49,239 - INFO - 📄 Getting case: https://indiankanoon.org/doc/74440588/
2025-05-16 02:41:52,890 - INFO - ✅ Successfully processed case 17
2025-05-16 02:41:55,420 - INFO - Processing case 18/20: Full Document
2025-05-16 02:41:55,421 - INFO - 📄 Getting case: https://indiankanoon.org/doc/162346702/
2025-05-16 02:41:55,777 - INFO - Long text detected (43648 chars), processing in sections
2025-05-16 02:42:02,015 - INFO - ✅ Successfully processed case 18
2025-05-16 02:42:04,478 - INFO - Processing case 19/20: Full Document
2025-05-16 02:42:04,479 - INFO - 📄 Getting case: https://indiankanoon.org/doc/92614548/
2025-05-16 02:42:04,917 - INFO - Long text detected (91850 chars), processing in sections
2025-05-16 02:42:10,688 - INFO - ✅ Successfully processed case 19
2025-05-16 02:42:13,608 - INFO - Processing case 20/20: Full Document
2025-05-16 02:42:13,610 - INFO - 📄 Getting case: https://indiankanoon.org/doc/70713658/
2025-05-16 02:42:14,017 - INFO - Long text detected (62680 chars), processing in sections
2025-05-16 02:42:20,202 - INFO - ✅ Successfully processed case 20
2025-05-16 02:42:20,323 - INFO - 💾 Successfully saved 20 cases to 'data/rape_murder_cases_summarized.csv'
2025-05-16 02:42:20,324 - INFO - 🏁 Scraping completed - 20 cases processed
2025-05-16 02:49:26,501 - INFO - 🚀 Starting legal case scraper for query: 'cases on rape and murder'
2025-05-16 02:49:26,502 - INFO - Using Hugging Face model: https://api-inference.huggingface.co/models/facebook/bart-large-cnn
2025-05-16 02:49:28,620 - INFO - ✅ Hugging Face API connection successful
2025-05-16 02:49:28,622 - INFO - 🔍 Searching page 1: https://indiankanoon.org/search/?formInput=cases+on+rape+and+murder&pagenum=1
2025-05-16 02:49:29,220 - INFO - ✅ Got page content (length: 39396 bytes)
2025-05-16 02:49:29,246 - INFO - ✅ Found results with selector: div.result_title > a
2025-05-16 02:49:29,246 - INFO - Using regex fallback to find links
2025-05-16 02:49:29,247 - INFO - ✅ Found 10 cases on page 1
2025-05-16 02:49:29,248 - INFO - Waiting 2.5 seconds before next page...
2025-05-16 02:49:31,758 - INFO - 🔍 Searching page 2: https://indiankanoon.org/search/?formInput=cases+on+rape+and+murder&pagenum=2
2025-05-16 02:49:32,287 - INFO - ✅ Got page content (length: 39412 bytes)
2025-05-16 02:49:32,311 - INFO - ✅ Found results with selector: div.result_title > a
2025-05-16 02:49:32,312 - INFO - Using regex fallback to find links
2025-05-16 02:49:32,313 - INFO - ✅ Found 10 cases on page 2
2025-05-16 02:49:32,313 - INFO - ✅ Found 20 cases. Getting details...
2025-05-16 02:49:32,315 - INFO - Processing case 1/20: Full Document
2025-05-16 02:49:32,315 - INFO - 📄 Getting case: https://indiankanoon.org/doc/181505792/
2025-05-16 02:49:35,841 - INFO - ✅ Successfully processed case 1
2025-05-16 02:49:39,145 - INFO - Processing case 2/20: Full Document
2025-05-16 02:49:39,147 - INFO - 📄 Getting case: https://indiankanoon.org/doc/6888559/
2025-05-16 02:49:39,510 - INFO - Long text detected (44353 chars), processing in sections
2025-05-16 02:49:43,735 - INFO - ✅ Successfully processed case 2
2025-05-16 02:49:47,537 - INFO - Processing case 3/20: Full Document
2025-05-16 02:49:47,537 - INFO - 📄 Getting case: https://indiankanoon.org/doc/154462684/
2025-05-16 02:49:47,908 - INFO - Long text detected (43691 chars), processing in sections
2025-05-16 02:49:53,660 - INFO - ✅ Successfully processed case 3
2025-05-16 02:49:57,399 - INFO - Processing case 4/20: Full Document
2025-05-16 02:49:57,400 - INFO - 📄 Getting case: https://indiankanoon.org/doc/142729398/
2025-05-16 02:50:01,230 - INFO - ✅ Successfully processed case 4
2025-05-16 02:50:05,163 - INFO - Processing case 5/20: Full Document
2025-05-16 02:50:05,165 - INFO - 📄 Getting case: https://indiankanoon.org/doc/183243647/
2025-05-16 02:50:07,998 - INFO - ✅ Successfully processed case 5
2025-05-16 02:50:10,601 - INFO - Processing case 6/20: Full Document
2025-05-16 02:50:10,602 - INFO - 📄 Getting case: https://indiankanoon.org/doc/106020940/
2025-05-16 02:50:10,962 - INFO - Long text detected (49969 chars), processing in sections
2025-05-16 02:50:16,613 - INFO - ✅ Successfully processed case 6
2025-05-16 02:50:16,621 - ERROR - ❌ Error processing case 6: Cannot save file into a non-existent directory: 'temp_data'
2025-05-16 02:50:19,692 - INFO - Processing case 7/20: Full Document
2025-05-16 02:50:19,693 - INFO - 📄 Getting case: https://indiankanoon.org/doc/166419904/
2025-05-16 02:50:23,031 - INFO - ✅ Successfully processed case 7
2025-05-16 02:50:25,639 - INFO - Processing case 8/20: Full Document
2025-05-16 02:50:25,664 - INFO - 📄 Getting case: https://indiankanoon.org/doc/121854362/
2025-05-16 02:50:26,091 - INFO - Long text detected (41854 chars), processing in sections
2025-05-16 02:50:31,687 - INFO - ✅ Successfully processed case 8
2025-05-16 02:50:35,484 - INFO - Processing case 9/20: Full Document
2025-05-16 02:50:35,485 - INFO - 📄 Getting case: https://indiankanoon.org/doc/72673160/
2025-05-16 02:50:35,961 - INFO - Long text detected (47234 chars), processing in sections
2025-05-16 02:50:42,663 - INFO - ✅ Successfully processed case 9
2025-05-16 02:50:46,387 - INFO - Processing case 10/20: Full Document
2025-05-16 02:50:46,388 - INFO - 📄 Getting case: https://indiankanoon.org/doc/140213573/
2025-05-16 02:50:46,748 - INFO - Long text detected (42575 chars), processing in sections
2025-05-16 02:50:54,385 - INFO - ✅ Successfully processed case 10
2025-05-16 02:50:58,082 - INFO - Processing case 11/20: Full Document
2025-05-16 02:50:58,083 - INFO - 📄 Getting case: https://indiankanoon.org/doc/24660684/
2025-05-16 02:50:58,478 - INFO - Long text detected (97311 chars), processing in sections
2025-05-16 02:51:03,454 - INFO - ✅ Successfully processed case 11
2025-05-16 02:51:03,459 - ERROR - ❌ Error processing case 11: Cannot save file into a non-existent directory: 'temp_data'
2025-05-16 02:51:06,702 - INFO - Processing case 12/20: Full Document
2025-05-16 02:51:06,703 - INFO - 📄 Getting case: https://indiankanoon.org/doc/195539405/
2025-05-16 02:51:07,096 - INFO - Long text detected (56071 chars), processing in sections
2025-05-16 02:51:12,574 - INFO - ✅ Successfully processed case 12
2025-05-16 02:51:15,109 - INFO - Processing case 13/20: Full Document
2025-05-16 02:51:15,155 - INFO - 📄 Getting case: https://indiankanoon.org/doc/178439365/
2025-05-16 02:51:15,574 - INFO - Long text detected (44668 chars), processing in sections
2025-05-16 02:51:21,489 - INFO - ✅ Successfully processed case 13
2025-05-16 02:51:24,885 - INFO - Processing case 14/20: Full Document
2025-05-16 02:51:24,886 - INFO - 📄 Getting case: https://indiankanoon.org/doc/3972922/
2025-05-16 02:51:27,918 - INFO - ✅ Successfully processed case 14
2025-05-16 02:51:31,728 - INFO - Processing case 15/20: Full Document
2025-05-16 02:51:31,730 - INFO - 📄 Getting case: https://indiankanoon.org/doc/106606871/
2025-05-16 02:51:35,010 - INFO - ✅ Successfully processed case 15
2025-05-16 02:51:37,877 - INFO - Processing case 16/20: Full Document
2025-05-16 02:51:37,878 - INFO - 📄 Getting case: https://indiankanoon.org/doc/147700443/
2025-05-16 02:51:40,733 - INFO - ✅ Successfully processed case 16
2025-05-16 02:51:40,737 - ERROR - ❌ Error processing case 16: Cannot save file into a non-existent directory: 'temp_data'
2025-05-16 02:51:43,944 - INFO - Processing case 17/20: Full Document
2025-05-16 02:51:43,945 - INFO - 📄 Getting case: https://indiankanoon.org/doc/74440588/
2025-05-16 02:51:47,042 - INFO - ✅ Successfully processed case 17
2025-05-16 02:51:49,615 - INFO - Processing case 18/20: Full Document
2025-05-16 02:51:49,617 - INFO - 📄 Getting case: https://indiankanoon.org/doc/162346702/
2025-05-16 02:51:49,971 - INFO - Long text detected (43648 chars), processing in sections
2025-05-16 02:51:56,232 - INFO - ✅ Successfully processed case 18
2025-05-16 02:52:00,191 - INFO - Processing case 19/20: Full Document
2025-05-16 02:52:00,191 - INFO - 📄 Getting case: https://indiankanoon.org/doc/92614548/
2025-05-16 02:52:00,582 - INFO - Long text detected (91850 chars), processing in sections
2025-05-16 02:52:07,024 - INFO - ✅ Successfully processed case 19
2025-05-16 02:52:09,762 - INFO - Processing case 20/20: Full Document
2025-05-16 02:52:09,809 - INFO - 📄 Getting case: https://indiankanoon.org/doc/70713658/
2025-05-16 02:52:10,300 - INFO - Long text detected (62680 chars), processing in sections
2025-05-16 02:52:16,213 - INFO - ✅ Successfully processed case 20
2025-05-16 02:52:16,326 - INFO - 💾 Successfully saved 20 cases to 'data/rape_murder_cases_summarized.csv'
2025-05-16 02:52:16,327 - INFO - 🏁 Scraping completed - 20 cases processed
