2025-05-16 02:10:12,009 - INFO - 🚀 Starting simple scraper for query: 'cases on rape and murder'
2025-05-16 02:10:12,010 - INFO - 🔍 Searching page 1: https://indiankanoon.org/search/?formInput=cases+on+rape+and+murder&pagenum=1
2025-05-16 02:10:12,682 - INFO - ✅ Got page content (length: 39396 bytes)
2025-05-16 02:10:12,741 - INFO - ✅ Found results with selector: div.result_title > a
2025-05-16 02:10:12,752 - INFO - Using regex fallback to find links
2025-05-16 02:10:12,755 - INFO - ✅ Found 10 cases on page 1
2025-05-16 02:10:12,763 - INFO - Waiting 3.0 seconds before next page...
2025-05-16 02:10:15,778 - INFO - 🔍 Searching page 2: https://indiankanoon.org/search/?formInput=cases+on+rape+and+murder&pagenum=2
2025-05-16 02:10:16,293 - INFO - ✅ Got page content (length: 39412 bytes)
2025-05-16 02:10:16,347 - INFO - ✅ Found results with selector: div.result_title > a
2025-05-16 02:10:16,348 - INFO - Using regex fallback to find links
2025-05-16 02:10:16,357 - INFO - ✅ Found 10 cases on page 2
2025-05-16 02:10:16,358 - INFO - ✅ Found 20 cases. Getting details...
2025-05-16 02:10:16,405 - INFO - Processing case 1/20: Full Document
2025-05-16 02:10:16,406 - INFO - 📄 Getting case: https://indiankanoon.org/doc/181505792/
2025-05-16 02:10:17,089 - INFO - ✅ Successfully processed case 1
2025-05-16 02:10:20,376 - INFO - Processing case 2/20: Full Document
2025-05-16 02:10:20,386 - INFO - 📄 Getting case: https://indiankanoon.org/doc/6888559/
2025-05-16 02:10:20,729 - INFO - ✅ Successfully processed case 2
2025-05-16 02:10:22,932 - INFO - Processing case 3/20: Full Document
2025-05-16 02:10:22,934 - INFO - 📄 Getting case: https://indiankanoon.org/doc/154462684/
2025-05-16 02:10:23,277 - INFO - ✅ Successfully processed case 3
2025-05-16 02:10:26,716 - INFO - Processing case 4/20: Full Document
2025-05-16 02:10:26,729 - INFO - 📄 Getting case: https://indiankanoon.org/doc/142729398/
2025-05-16 02:10:27,118 - INFO - ✅ Successfully processed case 4
2025-05-16 02:10:30,696 - INFO - Processing case 5/20: Full Document
2025-05-16 02:10:30,698 - INFO - 📄 Getting case: https://indiankanoon.org/doc/183243647/
2025-05-16 02:10:31,999 - INFO - ✅ Successfully processed case 5
2025-05-16 02:10:35,129 - INFO - Processing case 6/20: Full Document
2025-05-16 02:10:35,139 - INFO - 📄 Getting case: https://indiankanoon.org/doc/106020940/
2025-05-16 02:10:35,424 - INFO - ✅ Successfully processed case 6
2025-05-16 02:10:35,466 - ERROR - ❌ Error processing case 6: Cannot save file into a non-existent directory: 'temp_data'
2025-05-16 02:10:38,289 - INFO - Processing case 7/20: Full Document
2025-05-16 02:10:38,297 - INFO - 📄 Getting case: https://indiankanoon.org/doc/166419904/
2025-05-16 02:10:38,632 - INFO - ✅ Successfully processed case 7
2025-05-16 02:10:42,503 - INFO - Processing case 8/20: Full Document
2025-05-16 02:10:42,504 - INFO - 📄 Getting case: https://indiankanoon.org/doc/121854362/
2025-05-16 02:10:42,856 - INFO - ✅ Successfully processed case 8
2025-05-16 02:10:46,124 - INFO - Processing case 9/20: Full Document
2025-05-16 02:10:46,125 - INFO - 📄 Getting case: https://indiankanoon.org/doc/72673160/
2025-05-16 02:10:46,551 - INFO - ✅ Successfully processed case 9
2025-05-16 02:10:48,954 - INFO - Processing case 10/20: Full Document
2025-05-16 02:10:48,955 - INFO - 📄 Getting case: https://indiankanoon.org/doc/140213573/
2025-05-16 02:10:49,296 - INFO - ✅ Successfully processed case 10
2025-05-16 02:10:52,655 - INFO - Processing case 11/20: Full Document
2025-05-16 02:10:52,657 - INFO - 📄 Getting case: https://indiankanoon.org/doc/24660684/
2025-05-16 02:10:53,619 - INFO - ✅ Successfully processed case 11
2025-05-16 02:10:53,620 - ERROR - ❌ Error processing case 11: Cannot save file into a non-existent directory: 'temp_data'
2025-05-16 02:10:55,795 - INFO - Processing case 12/20: Full Document
2025-05-16 02:10:55,797 - INFO - 📄 Getting case: https://indiankanoon.org/doc/195539405/
2025-05-16 02:10:56,166 - INFO - ✅ Successfully processed case 12
2025-05-16 02:10:59,377 - INFO - Processing case 13/20: Full Document
2025-05-16 02:10:59,379 - INFO - 📄 Getting case: https://indiankanoon.org/doc/178439365/
2025-05-16 02:10:59,892 - INFO - ✅ Successfully processed case 13
2025-05-16 02:11:02,021 - INFO - Processing case 14/20: Full Document
2025-05-16 02:11:02,024 - INFO - 📄 Getting case: https://indiankanoon.org/doc/3972922/
2025-05-16 02:11:02,358 - INFO - ✅ Successfully processed case 14
2025-05-16 02:11:04,428 - INFO - Processing case 15/20: Full Document
2025-05-16 02:11:04,429 - INFO - 📄 Getting case: https://indiankanoon.org/doc/106606871/
2025-05-16 02:11:04,771 - INFO - ✅ Successfully processed case 15
2025-05-16 02:11:07,068 - INFO - Processing case 16/20: Full Document
2025-05-16 02:11:07,070 - INFO - 📄 Getting case: https://indiankanoon.org/doc/147700443/
2025-05-16 02:11:07,439 - INFO - ✅ Successfully processed case 16
2025-05-16 02:11:07,443 - ERROR - ❌ Error processing case 16: Cannot save file into a non-existent directory: 'temp_data'
2025-05-16 02:11:11,232 - INFO - Processing case 17/20: Full Document
2025-05-16 02:11:11,233 - INFO - 📄 Getting case: https://indiankanoon.org/doc/74440588/
2025-05-16 02:11:11,598 - INFO - ✅ Successfully processed case 17
2025-05-16 02:11:14,302 - INFO - Processing case 18/20: Full Document
2025-05-16 02:11:14,304 - INFO - 📄 Getting case: https://indiankanoon.org/doc/162346702/
2025-05-16 02:11:14,640 - INFO - ✅ Successfully processed case 18
2025-05-16 02:11:18,059 - INFO - Processing case 19/20: Full Document
2025-05-16 02:11:18,060 - INFO - 📄 Getting case: https://indiankanoon.org/doc/92614548/
2025-05-16 02:11:19,354 - INFO - ✅ Successfully processed case 19
2025-05-16 02:11:21,746 - INFO - Processing case 20/20: Full Document
2025-05-16 02:11:21,747 - INFO - 📄 Getting case: https://indiankanoon.org/doc/70713658/
2025-05-16 02:11:22,087 - INFO - ✅ Successfully processed case 20
2025-05-16 02:11:22,094 - INFO - 💾 Successfully saved 20 cases to 'data/rape_murder_cases.csv'
2025-05-16 02:11:22,095 - INFO - 🏁 Scraping completed - 20 cases processed
